C:\USERS\BECKY\DOCUMENTS\VISUAL STUDIO 2012\PROJECTS\INFO5062 PATTERNS IN SOFTWARE\CRAZYEIGHTS\CRAZYEIGHTS\DEBUG\CRAZYEIGHTS_MAIN.OBJ
C:\USERS\BECKY\DOCUMENTS\VISUAL STUDIO 2012\PROJECTS\INFO5062 PATTERNS IN SOFTWARE\CRAZYEIGHTS\CRAZYEIGHTS\DEBUG\VC110.PDB
C:\USERS\BECKY\DOCUMENTS\VISUAL STUDIO 2012\PROJECTS\INFO5062 PATTERNS IN SOFTWARE\CRAZYEIGHTS\DEBUG\CRAZYEIGHTS.ILK
C:\USERS\BECKY\DOCUMENTS\VISUAL STUDIO 2012\PROJECTS\INFO5062 PATTERNS IN SOFTWARE\CRAZYEIGHTS\DEBUG\CRAZYEIGHTS.EXE
C:\USERS\BECKY\DOCUMENTS\VISUAL STUDIO 2012\PROJECTS\INFO5062 PATTERNS IN SOFTWARE\CRAZYEIGHTS\DEBUG\CRAZYEIGHTS.PDB
C:\Users\Becky\Documents\Visual Studio 2012\Projects\INFO5062 Patterns in Software\CrazyEights\CrazyEights\Debug\CrazyEights_main.obj
C:\Users\Becky\Documents\Visual Studio 2012\Projects\INFO5062 Patterns in Software\CrazyEights\CrazyEights\Debug\cl.command.1.tlog
C:\Users\Becky\Documents\Visual Studio 2012\Projects\INFO5062 Patterns in Software\CrazyEights\CrazyEights\Debug\CL.read.1.tlog
C:\Users\Becky\Documents\Visual Studio 2012\Projects\INFO5062 Patterns in Software\CrazyEights\CrazyEights\Debug\CL.write.1.tlog
C:\Users\Becky\Documents\Visual Studio 2012\Projects\INFO5062 Patterns in Software\CrazyEights\CrazyEights\Debug\link-cvtres.read.1.tlog
C:\Users\Becky\Documents\Visual Studio 2012\Projects\INFO5062 Patterns in Software\CrazyEights\CrazyEights\Debug\link-cvtres.write.1.tlog
C:\Users\Becky\Documents\Visual Studio 2012\Projects\INFO5062 Patterns in Software\CrazyEights\CrazyEights\Debug\link-rc.read.1.tlog
C:\Users\Becky\Documents\Visual Studio 2012\Projects\INFO5062 Patterns in Software\CrazyEights\CrazyEights\Debug\link-rc.write.1.tlog
C:\Users\Becky\Documents\Visual Studio 2012\Projects\INFO5062 Patterns in Software\CrazyEights\CrazyEights\Debug\link.command.1.tlog
C:\Users\Becky\Documents\Visual Studio 2012\Projects\INFO5062 Patterns in Software\CrazyEights\CrazyEights\Debug\link.read.1.tlog
C:\Users\Becky\Documents\Visual Studio 2012\Projects\INFO5062 Patterns in Software\CrazyEights\CrazyEights\Debug\link.write.1.tlog
C:\Users\Becky\Documents\Visual Studio 2012\Projects\INFO5062 Patterns in Software\CrazyEights\CrazyEights\Debug\vc110.idb
C:\Users\Becky\Documents\Visual Studio 2012\Projects\INFO5062 Patterns in Software\CrazyEights\CrazyEights\Debug\vc110.pdb
C:\Users\Becky\Documents\Visual Studio 2012\Projects\INFO5062 Patterns in Software\CrazyEights\Debug\CrazyEights.pdb
C:\Users\Becky\Documents\Visual Studio 2012\Projects\INFO5062 Patterns in Software\CrazyEights\Debug\CrazyEights.exe
C:\Users\Becky\Documents\Visual Studio 2012\Projects\INFO5062 Patterns in Software\CrazyEights\Debug\CrazyEights.ilk
